<?xml version="1.0" encoding="UTF-8"?>
<testng-results ignored="0" total="1" passed="1" failed="0" skipped="0">
  <reporter-output>
  </reporter-output>
  <suite started-at="2024-10-22T17:19:36 IST" name="Master Suite" finished-at="2024-10-22T17:19:55 IST" duration-ms="18800">
    <groups>
      <group name="Master">
        <method signature="TC004_SearchTest.verify_SearchProduct()[pri:0, instance:testCases.TC004_SearchTest@6581dc0a]" name="verify_SearchProduct" class="testCases.TC004_SearchTest"/>
      </group> <!-- Master -->
      <group name="Sanity">
        <method signature="TC004_SearchTest.verify_SearchProduct()[pri:0, instance:testCases.TC004_SearchTest@6581dc0a]" name="verify_SearchProduct" class="testCases.TC004_SearchTest"/>
      </group> <!-- Sanity -->
    </groups>
    <test started-at="2024-10-22T17:19:36 IST" name="Test" finished-at="2024-10-22T17:19:55 IST" duration-ms="18800">
      <class name="testCases.TC004_SearchTest">
        <test-method is-config="true" signature="setup(java.lang.String,java.lang.String)[pri:0, instance:testCases.TC004_SearchTest@6581dc0a]" started-at="2024-10-22T17:19:37 IST" name="setup" finished-at="2024-10-22T17:19:45 IST" duration-ms="8809" status="PASS">
          <params>
            <param index="0">
              <value>
                <![CDATA[Windows]]>
              </value>
            </param>
            <param index="1">
              <value>
                <![CDATA[Chrome]]>
              </value>
            </param>
          </params>
          <reporter-output>
          </reporter-output>
        </test-method> <!-- setup -->
        <test-method signature="verify_SearchProduct()[pri:0, instance:testCases.TC004_SearchTest@6581dc0a]" started-at="2024-10-22T17:19:46 IST" name="verify_SearchProduct" finished-at="2024-10-22T17:19:55 IST" duration-ms="9273" status="PASS">
          <reporter-output>
          </reporter-output>
        </test-method> <!-- verify_SearchProduct -->
        <test-method is-config="true" signature="tearDown()[pri:0, instance:testCases.TC004_SearchTest@6581dc0a]" started-at="2024-10-22T17:19:55 IST" name="tearDown" finished-at="2024-10-22T17:19:55 IST" duration-ms="329" status="PASS">
          <reporter-output>
          </reporter-output>
        </test-method> <!-- tearDown -->
      </class> <!-- testCases.TC004_SearchTest -->
    </test> <!-- Test -->
  </suite> <!-- Master Suite -->
</testng-results>
