<?xml version="1.0" encoding="UTF-8"?>
<testng-results ignored="0" total="1" passed="1" failed="0" skipped="0">
  <reporter-output>
  </reporter-output>
  <suite started-at="2024-10-21T13:57:42 IST" name="Master Suite" finished-at="2024-10-21T13:58:02 IST" duration-ms="20402">
    <groups>
      <group name="Master">
        <method signature="TC002_LoginTest.verify_TestLogin()[pri:0, instance:testCases.TC002_LoginTest@6581dc0a]" name="verify_TestLogin" class="testCases.TC002_LoginTest"/>
      </group> <!-- Master -->
      <group name="Sanity">
        <method signature="TC002_LoginTest.verify_TestLogin()[pri:0, instance:testCases.TC002_LoginTest@6581dc0a]" name="verify_TestLogin" class="testCases.TC002_LoginTest"/>
      </group> <!-- Sanity -->
    </groups>
    <test started-at="2024-10-21T13:57:42 IST" name="Test" finished-at="2024-10-21T13:58:02 IST" duration-ms="20402">
      <class name="testCases.TC002_LoginTest">
        <test-method is-config="true" signature="setup(java.lang.String,java.lang.String)[pri:0, instance:testCases.TC002_LoginTest@6581dc0a]" started-at="2024-10-21T13:57:42 IST" name="setup" finished-at="2024-10-21T13:57:57 IST" duration-ms="14980" status="PASS">
          <params>
            <param index="0">
              <value>
                <![CDATA[Windows]]>
              </value>
            </param>
            <param index="1">
              <value>
                <![CDATA[Chrome]]>
              </value>
            </param>
          </params>
          <reporter-output>
          </reporter-output>
        </test-method> <!-- setup -->
        <test-method signature="verify_TestLogin()[pri:0, instance:testCases.TC002_LoginTest@6581dc0a]" started-at="2024-10-21T13:57:57 IST" name="verify_TestLogin" finished-at="2024-10-21T13:58:02 IST" duration-ms="4441" status="PASS">
          <reporter-output>
          </reporter-output>
        </test-method> <!-- verify_TestLogin -->
        <test-method is-config="true" signature="tearDown()[pri:0, instance:testCases.TC002_LoginTest@6581dc0a]" started-at="2024-10-21T13:58:02 IST" name="tearDown" finished-at="2024-10-21T13:58:02 IST" duration-ms="531" status="PASS">
          <reporter-output>
          </reporter-output>
        </test-method> <!-- tearDown -->
      </class> <!-- testCases.TC002_LoginTest -->
    </test> <!-- Test -->
  </suite> <!-- Master Suite -->
</testng-results>
